------------ run folder /home/RUS_CIP/st175322/dl-lab-21w-team14/experiments/run_2022-01-21-17-36-48-656396 ------------
------------ Preparing dataset hapt... -----------
Model: "sequence_LSTM_model"
_________________________________________________________________
 Layer (type)                Output Shape              Param #   
=================================================================
 input_1 (InputLayer)        [(None, 250, 6)]          0         
                                                                 
 lstm (LSTM)                 (None, 250, 256)          269312    
                                                                 
 batch_normalization (BatchN  (None, 250, 256)         1024      
 ormalization)                                                   
                                                                 
 activation (Activation)     (None, 250, 256)          0         
                                                                 
 dense (Dense)               (None, 250, 128)          32896     
                                                                 
 batch_normalization_1 (Batc  (None, 250, 128)         512       
 hNormalization)                                                 
                                                                 
 activation_1 (Activation)   (None, 250, 128)          0         
                                                                 
 dropout (Dropout)           (None, 250, 128)          0         
                                                                 
 lstm_1 (LSTM)               (None, 250, 128)          131584    
                                                                 
 batch_normalization_2 (Batc  (None, 250, 128)         512       
 hNormalization)                                                 
                                                                 
 activation_2 (Activation)   (None, 250, 128)          0         
                                                                 
 dense_1 (Dense)             (None, 250, 64)           8256      
                                                                 
 batch_normalization_3 (Batc  (None, 250, 64)          256       
 hNormalization)                                                 
                                                                 
 activation_3 (Activation)   (None, 250, 64)           0         
                                                                 
 dropout_1 (Dropout)         (None, 250, 64)           0         
                                                                 
 lstm_2 (LSTM)               (None, 250, 64)           33024     
                                                                 
 batch_normalization_4 (Batc  (None, 250, 64)          256       
 hNormalization)                                                 
                                                                 
 activation_4 (Activation)   (None, 250, 64)           0         
                                                                 
 global_average_pooling1d (G  (None, 64)               0         
 lobalAveragePooling1D)                                          
                                                                 
 dense_2 (Dense)             (None, 32)                2080      
                                                                 
 batch_normalization_5 (Batc  (None, 32)               128       
 hNormalization)                                                 
                                                                 
 activation_5 (Activation)   (None, 32)                0         
                                                                 
 dropout_2 (Dropout)         (None, 32)                0         
                                                                 
 dense_3 (Dense)             (None, 6)                 198       
                                                                 
=================================================================
Total params: 480,038
Trainable params: 478,694
Non-trainable params: 1,344
_________________________________________________________________
------------ Train and evaluate ------------

------------ Starting training ----------
initializing from scratch.

Step 100, train_loss: 0.5281664133071899, train_accuracy: 86.20954895019531, val_loss: 1.3634707927703857, val_accuracy: 65.50308227539062, confusion_matrix:
[[84.  2.  0.  0.  0.  0.]
 [ 8. 58.  0.  0.  0.  0.]
 [ 9.  0. 48.  0.  0.  0.]
 [17.  3.  0. 30.  0. 38.]
 [72.  2.  0.  0.  0. 17.]
 [ 0.  0.  0.  0.  0. 99.]]
Saved better checkpoint for step 100: 
/home/RUS_CIP/st175322/dl-lab-21w-team14/experiments/run_2022-01-21-17-36-48-656396/ckpts/train/ckpt-1.
Step 200, train_loss: 0.20598645508289337, train_accuracy: 95.88996887207031, val_loss: 0.914078950881958, val_accuracy: 70.63655090332031, confusion_matrix:
[[84.  2.  0.  0.  0.  0.]
 [ 4. 62.  0.  0.  0.  0.]
 [ 4.  0. 53.  0.  0.  0.]
 [18. 24.  0. 46.  0.  0.]
 [79. 12.  0.  0.  0.  0.]
 [ 0.  0.  0.  0.  0. 99.]]
Saved better checkpoint for step 200: 
/home/RUS_CIP/st175322/dl-lab-21w-team14/experiments/run_2022-01-21-17-36-48-656396/ckpts/train/ckpt-2.
Step 300, train_loss: 0.15519773960113525, train_accuracy: 96.76726531982422, val_loss: 0.5467491149902344, val_accuracy: 82.95687866210938, confusion_matrix:
[[85.  1.  0.  0.  0.  0.]
 [ 2. 64.  0.  0.  0.  0.]
 [ 2.  0. 55.  0.  0.  0.]
 [ 0.  1.  0. 70. 17.  0.]
 [41.  2.  0. 17. 31.  0.]
 [ 0.  0.  0.  0.  0. 99.]]
Saved better checkpoint for step 300: 
/home/RUS_CIP/st175322/dl-lab-21w-team14/experiments/run_2022-01-21-17-36-48-656396/ckpts/train/ckpt-3.
Step 400, train_loss: 0.1352785974740982, train_accuracy: 96.90534210205078, val_loss: 0.40962183475494385, val_accuracy: 90.75975036621094, confusion_matrix:
[[84.  2.  0.  0.  0.  0.]
 [ 0. 66.  0.  0.  0.  0.]
 [ 0.  1. 56.  0.  0.  0.]
 [ 0.  0.  0. 71. 17.  0.]
 [ 5.  0.  0. 20. 66.  0.]
 [ 0.  0.  0.  0.  0. 99.]]
Saved better checkpoint for step 400: 
/home/RUS_CIP/st175322/dl-lab-21w-team14/experiments/run_2022-01-21-17-36-48-656396/ckpts/train/ckpt-4.
Step 500, train_loss: 0.12328857183456421, train_accuracy: 97.13996887207031, val_loss: 0.37752586603164673, val_accuracy: 91.58110809326172, confusion_matrix:
[[84.  2.  0.  0.  0.  0.]
 [ 0. 66.  0.  0.  0.  0.]
 [ 0.  1. 56.  0.  0.  0.]
 [ 0.  0.  0. 71. 17.  0.]
 [ 2.  0.  0. 19. 70.  0.]
 [ 0.  0.  0.  0.  0. 99.]]
Saved better checkpoint for step 500: 
/home/RUS_CIP/st175322/dl-lab-21w-team14/experiments/run_2022-01-21-17-36-48-656396/ckpts/train/ckpt-5.
Step 600, train_loss: 0.11014924198389053, train_accuracy: 97.51266479492188, val_loss: 0.39952823519706726, val_accuracy: 92.19712829589844, confusion_matrix:
[[84.  2.  0.  0.  0.  0.]
 [ 0. 66.  0.  0.  0.  0.]
 [ 0.  1. 56.  0.  0.  0.]
 [ 0.  0.  0. 70. 18.  0.]
 [ 0.  0.  0. 17. 74.  0.]
 [ 0.  0.  0.  0.  0. 99.]]
Saved better checkpoint for step 600: 
/home/RUS_CIP/st175322/dl-lab-21w-team14/experiments/run_2022-01-21-17-36-48-656396/ckpts/train/ckpt-6.
Step 700, train_loss: 0.10182207077741623, train_accuracy: 97.69013214111328, val_loss: 0.3541965186595917, val_accuracy: 92.19712829589844, confusion_matrix:
[[84.  2.  0.  0.  0.  0.]
 [ 0. 66.  0.  0.  0.  0.]
 [ 0.  1. 56.  0.  0.  0.]
 [ 0.  0.  0. 70. 18.  0.]
 [ 0.  0.  0. 17. 74.  0.]
 [ 0.  0.  0.  0.  0. 99.]]
Step 800, train_loss: 0.0960649773478508, train_accuracy: 97.75485229492188, val_loss: 0.37559229135513306, val_accuracy: 89.93839263916016, confusion_matrix:
[[84.  2.  0.  0.  0.  0.]
 [ 0. 66.  0.  0.  0.  0.]
 [ 0.  1. 56.  0.  0.  0.]
 [ 0.  0.  0. 71. 17.  0.]
 [ 0.  0.  0. 29. 62.  0.]
 [ 0.  0.  0.  0.  0. 99.]]
Step 900, train_loss: 0.08572851121425629, train_accuracy: 97.99473571777344, val_loss: 0.3681609630584717, val_accuracy: 92.4024658203125, confusion_matrix:
[[84.  2.  0.  0.  0.  0.]
 [ 0. 66.  0.  0.  0.  0.]
 [ 0.  1. 56.  0.  0.  0.]
 [ 0.  0.  0. 71. 17.  0.]
 [ 0.  0.  0. 17. 74.  0.]
 [ 0.  0.  0.  0.  0. 99.]]
Saved better checkpoint for step 900: 
/home/RUS_CIP/st175322/dl-lab-21w-team14/experiments/run_2022-01-21-17-36-48-656396/ckpts/train/ckpt-7.
Step 1000, train_loss: 0.07894675433635712, train_accuracy: 98.16747283935547, val_loss: 0.36091348528862, val_accuracy: 92.60780334472656, confusion_matrix:
[[84.  2.  0.  0.  0.  0.]
 [ 0. 66.  0.  0.  0.  0.]
 [ 0.  1. 56.  0.  0.  0.]
 [ 0.  0.  0. 71. 17.  0.]
 [ 0.  0.  0. 16. 75.  0.]
 [ 0.  0.  0.  0.  0. 99.]]
Saved better checkpoint for step 1000: 
/home/RUS_CIP/st175322/dl-lab-21w-team14/experiments/run_2022-01-21-17-36-48-656396/ckpts/train/ckpt-8.
Step 1100, train_loss: 0.07432718575000763, train_accuracy: 98.24029541015625, val_loss: 0.3449377417564392, val_accuracy: 92.60780334472656, confusion_matrix:
[[84.  2.  0.  0.  0.  0.]
 [ 0. 66.  0.  0.  0.  0.]
 [ 0.  1. 56.  0.  0.  0.]
 [ 0.  0.  0. 71. 17.  0.]
 [ 0.  0.  0. 16. 75.  0.]
 [ 0.  0.  0.  0.  0. 99.]]
Step 1200, train_loss: 0.07485552132129669, train_accuracy: 98.18108367919922, val_loss: 0.3700339198112488, val_accuracy: 92.4024658203125, confusion_matrix:
[[84.  2.  0.  0.  0.  0.]
 [ 0. 66.  0.  0.  0.  0.]
 [ 0.  1. 56.  0.  0.  0.]
 [ 0.  0.  0. 71. 17.  0.]
 [ 0.  0.  0. 17. 74.  0.]
 [ 0.  0.  0.  0.  0. 99.]]
Step 1300, train_loss: 0.06759800016880035, train_accuracy: 98.3778305053711, val_loss: 0.32320594787597656, val_accuracy: 92.60780334472656, confusion_matrix:
[[84.  2.  0.  0.  0.  0.]
 [ 0. 66.  0.  0.  0.  0.]
 [ 0.  1. 56.  0.  0.  0.]
 [ 0.  0.  0. 71. 17.  0.]
 [ 0.  0.  0. 16. 75.  0.]
 [ 0.  0.  0.  0.  0. 99.]]
Step 1400, train_loss: 0.066134974360466, train_accuracy: 98.32928466796875, val_loss: 0.38213008642196655, val_accuracy: 92.60780334472656, confusion_matrix:
[[84.  2.  0.  0.  0.  0.]
 [ 0. 66.  0.  0.  0.  0.]
 [ 1.  0. 56.  0.  0.  0.]
 [ 0.  0.  0. 71. 17.  0.]
 [ 0.  0.  0. 16. 75.  0.]
 [ 0.  0.  0.  0.  0. 99.]]
Step 1500, train_loss: 0.05464329198002815, train_accuracy: 98.8211441040039, val_loss: 0.3534180819988251, val_accuracy: 93.01847839355469, confusion_matrix:
[[84.  2.  0.  0.  0.  0.]
 [ 0. 66.  0.  0.  0.  0.]
 [ 0.  1. 56.  0.  0.  0.]
 [ 0.  0.  0. 71. 17.  0.]
 [ 0.  0.  0. 14. 77.  0.]
 [ 0.  0.  0.  0.  0. 99.]]
Saved better checkpoint for step 1500: 
/home/RUS_CIP/st175322/dl-lab-21w-team14/experiments/run_2022-01-21-17-36-48-656396/ckpts/train/ckpt-9.
Step 1600, train_loss: 0.056585315614938736, train_accuracy: 98.56796264648438, val_loss: 0.378889799118042, val_accuracy: 92.81314086914062, confusion_matrix:
[[84.  2.  0.  0.  0.  0.]
 [ 0. 66.  0.  0.  0.  0.]
 [ 0.  1. 56.  0.  0.  0.]
 [ 0.  0.  0. 71. 17.  0.]
 [ 0.  0.  0. 15. 76.  0.]
 [ 0.  0.  0.  0.  0. 99.]]
Step 1700, train_loss: 0.05669724568724632, train_accuracy: 98.54369354248047, val_loss: 0.37204793095588684, val_accuracy: 92.81314086914062, confusion_matrix:
[[84.  2.  0.  0.  0.  0.]
 [ 0. 66.  0.  0.  0.  0.]
 [ 1.  0. 56.  0.  0.  0.]
 [ 0.  0.  0. 71. 17.  0.]
 [ 0.  0.  0. 15. 76.  0.]
 [ 0.  0.  0.  0.  0. 99.]]
Step 1800, train_loss: 0.051682692021131516, train_accuracy: 98.7158203125, val_loss: 0.40721985697746277, val_accuracy: 93.01847839355469, confusion_matrix:
[[86.  0.  0.  0.  0.  0.]
 [ 0. 66.  0.  0.  0.  0.]
 [ 1.  0. 56.  0.  0.  0.]
 [ 0.  0.  0. 71. 17.  0.]
 [ 0.  0.  0. 16. 75.  0.]
 [ 0.  0.  0.  0.  0. 99.]]
Step 1900, train_loss: 0.04775094985961914, train_accuracy: 98.76213836669922, val_loss: 0.39190641045570374, val_accuracy: 92.60780334472656, confusion_matrix:
[[84.  2.  0.  0.  0.  0.]
 [ 0. 66.  0.  0.  0.  0.]
 [ 0.  1. 56.  0.  0.  0.]
 [ 0.  0.  0. 71. 17.  0.]
 [ 0.  0.  0. 16. 75.  0.]
 [ 0.  0.  0.  0.  0. 99.]]
Step 2000, train_loss: 0.049806930124759674, train_accuracy: 98.71763610839844, val_loss: 0.36854198575019836, val_accuracy: 93.42916107177734, confusion_matrix:
[[85.  1.  0.  0.  0.  0.]
 [ 0. 66.  0.  0.  0.  0.]
 [ 1.  0. 56.  0.  0.  0.]
 [ 0.  0.  0. 71. 17.  0.]
 [ 0.  0.  0. 13. 78.  0.]
 [ 0.  0.  0.  0.  0. 99.]]
Saved better checkpoint for step 2000: 
/home/RUS_CIP/st175322/dl-lab-21w-team14/experiments/run_2022-01-21-17-36-48-656396/ckpts/train/ckpt-10.
Step 2100, train_loss: 0.043452098965644836, train_accuracy: 98.97914123535156, val_loss: 0.3815195560455322, val_accuracy: 93.22382354736328, confusion_matrix:
[[84.  2.  0.  0.  0.  0.]
 [ 0. 66.  0.  0.  0.  0.]
 [ 1.  0. 56.  0.  0.  0.]
 [ 0.  0.  0. 71. 17.  0.]
 [ 0.  0.  0. 13. 78.  0.]
 [ 0.  0.  0.  0.  0. 99.]]
Step 2200, train_loss: 0.0403602235019207, train_accuracy: 99.0169906616211, val_loss: 0.3956238031387329, val_accuracy: 92.81314086914062, confusion_matrix:
[[84.  2.  0.  0.  0.  0.]
 [ 0. 66.  0.  0.  0.  0.]
 [ 0.  1. 56.  0.  0.  0.]
 [ 0.  0.  0. 71. 17.  0.]
 [ 0.  0.  0. 15. 76.  0.]
 [ 0.  0.  0.  0.  0. 99.]]
Step 2300, train_loss: 0.03608833625912666, train_accuracy: 99.14239501953125, val_loss: 0.3591143488883972, val_accuracy: 93.42916107177734, confusion_matrix:
[[84.  2.  0.  0.  0.  0.]
 [ 0. 66.  0.  0.  0.  0.]
 [ 0.  1. 56.  0.  0.  0.]
 [ 0.  0.  0. 71. 17.  0.]
 [ 0.  0.  0. 12. 79.  0.]
 [ 0.  0.  0.  0.  0. 99.]]
Step 2400, train_loss: 0.03449340537190437, train_accuracy: 99.22624969482422, val_loss: 0.4087376892566681, val_accuracy: 93.22382354736328, confusion_matrix:
[[85.  1.  0.  0.  0.  0.]
 [ 0. 66.  0.  0.  0.  0.]
 [ 1.  0. 56.  0.  0.  0.]
 [ 0.  0.  0. 71. 17.  0.]
 [ 0.  0.  0. 14. 77.  0.]
 [ 0.  0.  0.  0.  0. 99.]]
Step 2500, train_loss: 0.03663543611764908, train_accuracy: 99.04935455322266, val_loss: 0.3888164162635803, val_accuracy: 93.22382354736328, confusion_matrix:
[[84.  2.  0.  0.  0.  0.]
 [ 0. 66.  0.  0.  0.  0.]
 [ 0.  1. 56.  0.  0.  0.]
 [ 0.  0.  0. 70. 18.  0.]
 [ 0.  0.  0. 12. 79.  0.]
 [ 0.  0.  0.  0.  0. 99.]]
Step 2600, train_loss: 0.03139844164252281, train_accuracy: 99.2961196899414, val_loss: 0.4068496525287628, val_accuracy: 93.6344985961914, confusion_matrix:
[[85.  1.  0.  0.  0.  0.]
 [ 0. 66.  0.  0.  0.  0.]
 [ 1.  0. 56.  0.  0.  0.]
 [ 0.  0.  0. 71. 17.  0.]
 [ 0.  0.  0. 12. 79.  0.]
 [ 0.  0.  0.  0.  0. 99.]]
Saved better checkpoint for step 2600: 
/home/RUS_CIP/st175322/dl-lab-21w-team14/experiments/run_2022-01-21-17-36-48-656396/ckpts/train/ckpt-11.
Step 2700, train_loss: 0.031529106199741364, train_accuracy: 99.2424545288086, val_loss: 0.42177101969718933, val_accuracy: 93.22382354736328, confusion_matrix:
[[85.  1.  0.  0.  0.  0.]
 [ 0. 66.  0.  0.  0.  0.]
 [ 1.  0. 56.  0.  0.  0.]
 [ 0.  0.  0. 71. 17.  0.]
 [ 0.  0.  0. 14. 77.  0.]
 [ 0.  0.  0.  0.  0. 99.]]
Step 2800, train_loss: 0.031749602407217026, train_accuracy: 99.1909408569336, val_loss: 0.4669845402240753, val_accuracy: 91.1704330444336, confusion_matrix:
[[85.  1.  0.  0.  0.  0.]
 [ 0. 66.  0.  0.  0.  0.]
 [ 1.  0. 56.  0.  0.  0.]
 [ 0.  0.  0. 70. 18.  0.]
 [ 1.  0.  0. 22. 68.  0.]
 [ 0.  0.  0.  0.  0. 99.]]
Step 2900, train_loss: 0.027129197493195534, train_accuracy: 99.34870910644531, val_loss: 0.3983197808265686, val_accuracy: 93.42916107177734, confusion_matrix:
[[84.  2.  0.  0.  0.  0.]
 [ 0. 66.  0.  0.  0.  0.]
 [ 0.  1. 56.  0.  0.  0.]
 [ 0.  0.  0. 71. 17.  0.]
 [ 0.  0.  0. 12. 79.  0.]
 [ 0.  0.  0.  0.  0. 99.]]
Step 3000, train_loss: 0.029637036845088005, train_accuracy: 99.26271057128906, val_loss: 0.44587165117263794, val_accuracy: 92.4024658203125, confusion_matrix:
[[85.  1.  0.  0.  0.  0.]
 [ 0. 66.  0.  0.  0.  0.]
 [ 1.  0. 56.  0.  0.  0.]
 [ 0.  0.  0. 70. 18.  0.]
 [ 0.  0.  0. 17. 74.  0.]
 [ 0.  0.  0.  0.  0. 99.]]
Step 3100, train_loss: 0.025232817977666855, train_accuracy: 99.33251953125, val_loss: 0.3921649158000946, val_accuracy: 93.42916107177734, confusion_matrix:
[[85.  1.  0.  0.  0.  0.]
 [ 0. 66.  0.  0.  0.  0.]
 [ 1.  0. 56.  0.  0.  0.]
 [ 0.  0.  0. 70. 18.  0.]
 [ 0.  0.  0. 12. 79.  0.]
 [ 0.  0.  0.  0.  0. 99.]]
Step 3200, train_loss: 0.022156422957777977, train_accuracy: 99.46197509765625, val_loss: 0.4325072467327118, val_accuracy: 93.6344985961914, confusion_matrix:
[[85.  1.  0.  0.  0.  0.]
 [ 0. 66.  0.  0.  0.  0.]
 [ 0.  1. 56.  0.  0.  0.]
 [ 0.  0.  0. 71. 17.  0.]
 [ 0.  0.  0. 12. 79.  0.]
 [ 0.  0.  0.  0.  0. 99.]]
Step 3300, train_loss: 0.0215291827917099, train_accuracy: 99.49361419677734, val_loss: 0.38221222162246704, val_accuracy: 93.6344985961914, confusion_matrix:
[[86.  0.  0.  0.  0.  0.]
 [ 0. 66.  0.  0.  0.  0.]
 [ 1.  0. 56.  0.  0.  0.]
 [ 0.  0.  0. 70. 18.  0.]
 [ 0.  0.  0. 12. 79.  0.]
 [ 0.  0.  0.  0.  0. 99.]]
Step 3400, train_loss: 0.020805399864912033, train_accuracy: 99.5105209350586, val_loss: 0.405051589012146, val_accuracy: 93.42916107177734, confusion_matrix:
[[85.  1.  0.  0.  0.  0.]
 [ 0. 66.  0.  0.  0.  0.]
 [ 0.  1. 56.  0.  0.  0.]
 [ 0.  0.  0. 70. 18.  0.]
 [ 0.  0.  0. 12. 79.  0.]
 [ 0.  0.  0.  0.  0. 99.]]
Step 3500, train_loss: 0.02748558111488819, train_accuracy: 99.2435302734375, val_loss: 0.506271481513977, val_accuracy: 91.37577056884766, confusion_matrix:
[[86.  0.  0.  0.  0.  0.]
 [ 0. 66.  0.  0.  0.  0.]
 [ 0.  1. 56.  0.  0.  0.]
 [ 0.  0.  0. 70. 18.  0.]
 [ 0.  0.  0. 23. 68.  0.]
 [ 0.  0.  0.  0.  0. 99.]]
Step 3600, train_loss: 0.021125322207808495, train_accuracy: 99.46931457519531, val_loss: 0.39740005135536194, val_accuracy: 93.42916107177734, confusion_matrix:
[[85.  1.  0.  0.  0.  0.]
 [ 0. 66.  0.  0.  0.  0.]
 [ 0.  1. 56.  0.  0.  0.]
 [ 0.  0.  0. 70. 18.  0.]
 [ 0.  0.  0. 12. 79.  0.]
 [ 0.  0.  0.  0.  0. 99.]]
Step 3700, train_loss: 0.016294974833726883, train_accuracy: 99.65210723876953, val_loss: 0.4266420602798462, val_accuracy: 93.42916107177734, confusion_matrix:
[[85.  1.  0.  0.  0.  0.]
 [ 0. 66.  0.  0.  0.  0.]
 [ 1.  0. 56.  0.  0.  0.]
 [ 0.  0.  0. 71. 17.  0.]
 [ 0.  0.  0. 13. 78.  0.]
 [ 0.  0.  0.  0.  0. 99.]]
Step 3800, train_loss: 0.015021068044006824, train_accuracy: 99.680419921875, val_loss: 0.3809651732444763, val_accuracy: 93.6344985961914, confusion_matrix:
[[86.  0.  0.  0.  0.  0.]
 [ 0. 66.  0.  0.  0.  0.]
 [ 0.  1. 56.  0.  0.  0.]
 [ 0.  0.  0. 70. 18.  0.]
 [ 0.  0.  0. 12. 79.  0.]
 [ 0.  0.  0.  0.  0. 99.]]
Step 3900, train_loss: 0.016860492527484894, train_accuracy: 99.66781616210938, val_loss: 0.40576955676078796, val_accuracy: 93.6344985961914, confusion_matrix:
[[86.  0.  0.  0.  0.  0.]
 [ 0. 66.  0.  0.  0.  0.]
 [ 0.  1. 56.  0.  0.  0.]
 [ 0.  0.  0. 70. 18.  0.]
 [ 0.  0.  0. 12. 79.  0.]
 [ 0.  0.  0.  0.  0. 99.]]
Step 4000, train_loss: 0.015466776676476002, train_accuracy: 99.68446350097656, val_loss: 0.45853036642074585, val_accuracy: 93.42916107177734, confusion_matrix:
[[85.  1.  0.  0.  0.  0.]
 [ 0. 66.  0.  0.  0.  0.]
 [ 0.  1. 56.  0.  0.  0.]
 [ 0.  0.  0. 70. 18.  0.]
 [ 0.  0.  0. 12. 79.  0.]
 [ 0.  0.  0.  0.  0. 99.]]

Finished training after 4000 steps. Best val_accuracy: 93.63449811935425, confusion_matrix:
[[85.  1.  0.  0.  0.  0.]
 [ 0. 66.  0.  0.  0.  0.]
 [ 1.  0. 56.  0.  0.  0.]
 [ 0.  0.  0. 71. 17.  0.]
 [ 0.  0.  0. 12. 79.  0.]
 [ 0.  0.  0.  0.  0. 99.]]

------------ Starting evaluation ------------
restore checkpoint: 
/home/RUS_CIP/st175322/dl-lab-21w-team14/experiments/run_2022-01-21-17-36-48-656396/ckpts/train/ckpt-11

------ Evaluation statistics
Confusion matrix: 
[[174.   0.   0.   0.   0.   0.]
 [  0. 122.   0.   0.   0.   0.]
 [  0.   0. 109.   0.   0.   0.]
 [  0.   0.   0. 170.  13.   0.]
 [  0.   0.   0.   9. 184.   0.]
 [  0.   0.   0.   0.   0. 202.]]
Precision: [1.         1.         1.         0.9497207  0.93401015 1.        ], Sensitivity: [1.         1.         1.         0.92896175 0.9533679  1.        ], F1: [1.         1.         1.         0.93922657 0.9435898  1.        ]
